<?xml version="1.0" encoding="UTF-8"?>
<testng-results skipped="0" failed="0" ignored="3" total="5" passed="2">
  <reporter-output>
  </reporter-output>
  <suite name="Suite" duration-ms="43" started-at="2018-08-22T06:46:16Z" finished-at="2018-08-22T06:46:16Z">
    <groups>
      <group name="regression">
        <method signature="DemoGroups.f2()[pri:0, instance:SeleniumTraining.Barc.DemoGroups@3bfdc050]" name="f2" class="SeleniumTraining.Barc.DemoGroups"/>
        <method signature="DemoGroups.f4()[pri:0, instance:SeleniumTraining.Barc.DemoGroups@3bfdc050]" name="f4" class="SeleniumTraining.Barc.DemoGroups"/>
      </group> <!-- regression -->
    </groups>
    <test name="Test" duration-ms="43" started-at="2018-08-22T06:46:16Z" finished-at="2018-08-22T06:46:16Z">
      <class name="SeleniumTraining.Barc.DemoGroups">
        <test-method status="PASS" signature="f2()[pri:0, instance:SeleniumTraining.Barc.DemoGroups@3bfdc050]" name="f2" duration-ms="12" started-at="2018-08-22T06:46:16Z" finished-at="2018-08-22T06:46:16Z">
          <reporter-output>
          </reporter-output>
        </test-method> <!-- f2 -->
        <test-method status="PASS" signature="f4()[pri:0, instance:SeleniumTraining.Barc.DemoGroups@3bfdc050]" name="f4" duration-ms="1" started-at="2018-08-22T06:46:16Z" finished-at="2018-08-22T06:46:16Z">
          <reporter-output>
          </reporter-output>
        </test-method> <!-- f4 -->
      </class> <!-- SeleniumTraining.Barc.DemoGroups -->
    </test> <!-- Test -->
  </suite> <!-- Suite -->
</testng-results>
