<?xml version="1.0" encoding="UTF-8"?>
<!-- Generated by org.testng.reporters.JUnitXMLReporter -->
<testsuite hostname="P2B-J0SMXH2" ignored="3" name="Test" tests="2" failures="0" timestamp="22 Aug 2018 06:46:16 GMT" time="0.043" errors="0">
  <testcase name="f2" time="0.012" classname="SeleniumTraining.Barc.DemoGroups"/>
  <testcase name="f4" time="0.001" classname="SeleniumTraining.Barc.DemoGroups"/>
  <testcase name="f5" time="0.0" classname="SeleniumTraining.Barc.DemoGroups">
    <ignored/>
  </testcase> <!-- f5 -->
  <testcase name="f3" time="0.0" classname="SeleniumTraining.Barc.DemoGroups">
    <ignored/>
  </testcase> <!-- f3 -->
  <testcase name="f1" time="0.0" classname="SeleniumTraining.Barc.DemoGroups">
    <ignored/>
  </testcase> <!-- f1 -->
</testsuite> <!-- Test -->
